<?xml version="1.0" encoding="UTF-8"?>
<!-- Generated by org.testng.reporters.JUnitReportReporter -->
<testsuite hostname="morticia" failures="0" tests="1" name="net.magneticpotato.sqlexpr.javacc.SqlExprEvaluatorTest" time="0.033" errors="0" timestamp="2025-04-05T10:59:05 CDT" skipped="0">
  <testcase classname="net.magneticpotato.sqlexpr.javacc.SqlExprEvaluatorTest" name="evalTest1" time="0.033"/>
</testsuite> <!-- net.magneticpotato.sqlexpr.javacc.SqlExprEvaluatorTest -->
