<?xml version="1.0" encoding="UTF-8"?>
<!-- Generated by org.testng.reporters.JUnitReportReporter -->
<testsuite hostname="morticia" failures="0" tests="2" name="net.magneticpotato.sqlexpr.javacc.parser.ParserTest" time="0.038" errors="0" timestamp="2025-04-05T10:44:22 CDT" skipped="0">
  <testcase classname="net.magneticpotato.sqlexpr.javacc.parser.ParserTest" name="badFilters" time="0.027"/>
  <testcase classname="net.magneticpotato.sqlexpr.javacc.parser.ParserTest" name="goodFilters" time="0.011"/>
</testsuite> <!-- net.magneticpotato.sqlexpr.javacc.parser.ParserTest -->
