<?xml version="1.0" encoding="UTF-8"?>
<!-- Generated by org.testng.reporters.JUnitReportReporter -->
<testsuite hostname="morticia" failures="0" tests="1" name="net.magneticpotato.sqlexpr.javacc.parser.ASTParserTest" time="0.041" errors="0" timestamp="2025-04-05T10:44:29 CDT" skipped="0">
  <testcase classname="net.magneticpotato.sqlexpr.javacc.parser.ASTParserTest" name="testASTParseValid" time="0.041"/>
</testsuite> <!-- net.magneticpotato.sqlexpr.javacc.parser.ASTParserTest -->
